Thread-0 | https://twinfragrance.shop/.bash_history --> 200
Thread-0 | https://twinfragrance.shop/.bashrc --> 200
Thread-0 | https://twinfragrance.shop/.cache --> 200
Thread-0 | https://twinfragrance.shop/.config --> 200
Thread-0 | https://twinfragrance.shop/.cvs --> 200
Thread-0 | https://twinfragrance.shop/.cvsignore --> 200
Thread-0 | https://twinfragrance.shop/.env --> 200
Thread-0 | https://twinfragrance.shop/.forward --> 200
Thread-0 | https://twinfragrance.shop/.git --> 200
Thread-0 | https://twinfragrance.shop/.git-rewrite --> 200
Thread-0 | https://twinfragrance.shop/.git_release --> 200
Thread-0 | https://twinfragrance.shop/.gitattributes --> 200
Thread-0 | https://twinfragrance.shop/.gitconfig --> 200
Thread-0 | https://twinfragrance.shop/.gitignore --> 200
Thread-0 | https://twinfragrance.shop/.gitk --> 200
Thread-0 | https://twinfragrance.shop/.gitkeep --> 200
Thread-0 | https://twinfragrance.shop/.gitmodules --> 200
Thread-0 | https://twinfragrance.shop/.gitreview --> 200
Thread-0 | https://twinfragrance.shop/.history --> 200
Thread-0 | https://twinfragrance.shop/.hta --> 200
Thread-0 | https://twinfragrance.shop/.htaccess --> 200
Thread-0 | https://twinfragrance.shop/.htpasswd --> 200
Thread-0 | https://twinfragrance.shop/.listing --> 200
Thread-0 | https://twinfragrance.shop/.listings --> 200
Thread-0 | https://twinfragrance.shop/.mysql_history --> 200
Thread-0 | https://twinfragrance.shop/.passwd --> 200
Thread-0 | https://twinfragrance.shop/.perf --> 200
Thread-0 | https://twinfragrance.shop/.profile --> 200
Thread-0 | https://twinfragrance.shop/.rhosts --> 200
Thread-0 | https://twinfragrance.shop/admin --> 301
Thread-0 | https://twinfragrance.shop/admin.cgi --> 301
Thread-0 | https://twinfragrance.shop/admin.php --> 301
Thread-0 | https://twinfragrance.shop/admin.pl --> 301
Thread-0 | https://twinfragrance.shop/cart --> 200
Thread-0 | https://twinfragrance.shop/checkout --> 302
Thread-23 | https://twinfragrance.shop/index.html --> 200
Thread-0 | https://twinfragrance.shop/.bash_history --> 200
Thread-23 | https://twinfragrance.shop/index.php --> 200
Thread-0 | https://twinfragrance.shop/.bashrc --> 200
Thread-40 | https://twinfragrance.shop/sitemap.xml --> 200
Thread-0 | https://twinfragrance.shop/.cache --> 200
Thread-0 | https://twinfragrance.shop/.config --> 200
Thread-0 | https://twinfragrance.shop/.cvs --> 200
Thread-11 | https://twinfragrance.shop/checkout --> 302
Thread-10 | https://twinfragrance.shop/cart --> 200
Thread-5 | https://twinfragrance.shop/admin --> 301
Thread-5 | https://twinfragrance.shop/admin.cgi --> 301
Thread-5 | https://twinfragrance.shop/admin.php --> 301
Thread-5 | https://twinfragrance.shop/admin.pl --> 301
Thread-23 | https://twinfragrance.shop/index.html --> 200
Thread-0 | https://twinfragrance.shop/.bash_history --> 200
Thread-23 | https://twinfragrance.shop/index.php --> 200
Thread-0 | https://twinfragrance.shop/.bashrc --> 200
Thread-40 | https://twinfragrance.shop/sitemap.xml --> 200
Thread-0 | https://twinfragrance.shop/.cache --> 200
Thread-0 | https://twinfragrance.shop/.config --> 200
Thread-0 | https://twinfragrance.shop/.cvs --> 200
Thread-0 | https://twinfragrance.shop/.bash_history --> 200
Thread-0 | https://twinfragrance.shop/.bashrc --> 200
Thread-0 | https://twinfragrance.shop/.cache --> 200
Thread-0 | https://twinfragrance.shop/.config --> 200
Thread-0 | https://twinfragrance.shop/.cvs --> 200
Thread-0 | https://twinfragrance.shop/.cvsignore --> 200
Thread-0 | https://twinfragrance.shop/.env --> 200
Thread-0 | https://twinfragrance.shop/.forward --> 200
Thread-0 | https://twinfragrance.shop/.git --> 200
Thread-1 | https://twinfragrance.shop/account --> 302
Thread-0 | https://twinfragrance.shop/.git-rewrite --> 200
Thread-0 | https://twinfragrance.shop/.git_release --> 200
Thread-0 | https://twinfragrance.shop/.gitattributes --> 200
Thread-0 | https://twinfragrance.shop/.gitconfig --> 200
Thread-0 | https://twinfragrance.shop/.gitignore --> 200
Thread-0 | https://twinfragrance.shop/.gitk --> 200
Thread-0 | https://twinfragrance.shop/.gitkeep --> 200
Thread-0 | https://twinfragrance.shop/.gitmodules --> 200
Thread-0 | https://twinfragrance.shop/.gitreview --> 200
Thread-0 | https://twinfragrance.shop/.history --> 200
Thread-0 | https://twinfragrance.shop/.hta --> 200
Thread-0 | https://twinfragrance.shop/.htaccess --> 200
Thread-0 | https://twinfragrance.shop/.htpasswd --> 200
Thread-0 | https://twinfragrance.shop/.listing --> 200
Thread-1 | https://twinfragrance.shop/admin --> 301
Thread-2 | https://twinfragrance.shop/cart --> 200
Thread-1 | https://twinfragrance.shop/admin.cgi --> 301
Thread-1 | https://twinfragrance.shop/admin.php --> 301
Thread-1 | https://twinfragrance.shop/admin.pl --> 301
Thread-2 | https://twinfragrance.shop/checkout --> 302
Thread-0 | https://twinfragrance.shop/.bash_history --> 200
Thread-0 | https://twinfragrance.shop/.bashrc --> 200
Thread-0 | https://twinfragrance.shop/.cache --> 200
Thread-0 | https://twinfragrance.shop/.config --> 200
Thread-0 | https://twinfragrance.shop/.cvs --> 200
Thread-0 | https://twinfragrance.shop/.cvsignore --> 200
Thread-0 | https://twinfragrance.shop/.env --> 200
Thread-0 | https://twinfragrance.shop/.forward --> 200
Thread-0 | https://twinfragrance.shop/.bashrc --> 200
Thread-12 | https://twinfragrance.shop/checkout --> 302
Thread-11 | https://twinfragrance.shop/cart --> 200
Thread-6 | https://twinfragrance.shop/admin --> 301
Thread-6 | https://twinfragrance.shop/admin.cgi --> 301
Thread-6 | https://twinfragrance.shop/admin.php --> 301
Thread-6 | https://twinfragrance.shop/admin.pl --> 301
Thread-24 | https://twinfragrance.shop/index.html --> 200
Thread-1 | https://twinfragrance.shop/.bash_history --> 200
Thread-24 | https://twinfragrance.shop/index.php --> 200
Thread-1 | https://twinfragrance.shop/.bashrc --> 200
Thread-12 | https://twinfragrance.shop/checkout --> 302
Thread-11 | https://twinfragrance.shop/cart --> 200
Thread-6 | https://twinfragrance.shop/admin --> 301
Thread-6 | https://twinfragrance.shop/admin.cgi --> 301
Thread-6 | https://twinfragrance.shop/admin.php --> 301
Thread-6 | https://twinfragrance.shop/admin.pl --> 301
Thread-12 | https://sberdiltek.com/checkout --> 302
Thread-11 | https://sberdiltek.com/cart --> 200
Thread-6 | https://sberdiltek.com/admin --> 301
Thread-6 | https://sberdiltek.com/admin.cgi --> 301
Thread-6 | https://sberdiltek.com/admin.php --> 301
Thread-6 | https://sberdiltek.com/admin.pl --> 301
